22:58:38.661 [main] INFO  testCases.TC001_AccountRegistrationTest - ****** Starting TC001_AccountRegistrationTest *****
22:58:39.130 [main] INFO  testCases.TC001_AccountRegistrationTest - Clicked on My Account Link
22:58:39.811 [main] INFO  testCases.TC001_AccountRegistrationTest - Clicked on My Register Link
22:58:39.814 [main] INFO  testCases.TC001_AccountRegistrationTest - Providing customer details..
22:58:41.617 [main] INFO  testCases.TC001_AccountRegistrationTest - Validating expected message..
22:58:41.675 [main] INFO  testCases.TC001_AccountRegistrationTest - ****** Finished TC001_AccountRegistrationTest *****
23:00:54.636 [main] INFO  org.testng.internal.Utils - [TestNG] Running:
  C:\Users\Anil kumar N\eclipse-workspace\Opencart_V121\Master.xml

23:05:52.313 [main] INFO  org.testng.internal.Utils - [TestNG] Running:
  C:\Users\Anil kumar N\eclipse-workspace\Opencart_V121\Master.xml

23:05:59.081 [main] INFO  testCases.TC002_LoginTest - **Test Started**
23:06:00.758 [main] INFO  testCases.TC002_LoginTest - **Test Finished**
23:09:06.175 [main] INFO  org.testng.internal.Utils - [TestNG] Running:
  C:\Users\Anil kumar N\eclipse-workspace\Opencart_V121\Master.xml

23:09:15.754 [main] INFO  testCases.TC002_LoginTest - **Test Started**
23:09:17.794 [main] INFO  testCases.TC002_LoginTest - **Test Finished**
23:09:42.495 [main] INFO  org.testng.internal.Utils - [TestNG] Running:
  C:\Users\Anil kumar N\eclipse-workspace\Opencart_V121\Master.xml

23:10:44.499 [main] INFO  org.testng.internal.Utils - [TestNG] Running:
  C:\Users\Anil kumar N\eclipse-workspace\Opencart_V121\Master.xml

23:10:52.440 [main] INFO  testCases.TC002_LoginTest - **Test Started**
23:10:54.572 [main] INFO  testCases.TC002_LoginTest - **Test Finished**
23:13:28.231 [main] INFO  org.testng.internal.Utils - [TestNG] Running:
  C:\Users\Anil kumar N\eclipse-workspace\Opencart_V121\crossbrowsertesting.xml

23:13:37.654 [TestNG-tests-1] INFO  testCases.TC002_LoginTest - **Test Started**
23:13:39.367 [TestNG-tests-1] INFO  testCases.TC002_LoginTest - **Test Finished**
23:15:32.117 [main] INFO  org.testng.internal.Utils - [TestNG] Running:
  C:\Users\Anil kumar N\eclipse-workspace\Opencart_V121\crossbrowsertesting.xml

23:15:39.853 [TestNG-tests-1] INFO  testCases.TC002_LoginTest - **Test Started**
23:15:41.477 [TestNG-tests-1] INFO  testCases.TC002_LoginTest - **Test Finished**
23:18:07.436 [main] INFO  org.testng.internal.Utils - [TestNG] Running:
  C:\Users\Anil kumar N\eclipse-workspace\Opencart_V121\Master.xml

23:18:15.469 [main] INFO  testCases.TC002_LoginTest - **Test Started**
23:18:17.059 [main] INFO  testCases.TC002_LoginTest - **Test Finished**
23:20:05.233 [main] INFO  org.testng.internal.Utils - [TestNG] Running:
  C:\Users\Anil kumar N\eclipse-workspace\Opencart_V121\crossbrowsertesting.xml

23:20:17.511 [TestNG-tests-2] INFO  testCases.TC002_LoginTest - **Test Started**
23:20:19.066 [TestNG-tests-1] INFO  testCases.TC002_LoginTest - **Test Started**
23:20:24.639 [TestNG-tests-2] INFO  testCases.TC002_LoginTest - **Test Finished**
23:20:24.641 [TestNG-tests-1] INFO  testCases.TC002_LoginTest - **Test Finished**
23:20:24.823 [TestNG-tests-3] INFO  testCases.TC002_LoginTest - **Test Started**
23:20:26.598 [TestNG-tests-3] INFO  testCases.TC002_LoginTest - **Test Finished**
19:46:24.902 [main] INFO  org.testng.internal.Utils - [TestNG] Running:
  C:\Users\Anil kumar N\eclipse-workspace\Opencart_V121\crossbrowsertesting.xml

19:46:47.824 [TestNG-tests-1] INFO  testCases.TC002_LoginTest - **Test Started**
19:46:51.956 [TestNG-tests-1] INFO  testCases.TC002_LoginTest - **Test Finished**
19:47:00.027 [TestNG-tests-3] INFO  testCases.TC002_LoginTest - **Test Started**
19:47:03.640 [TestNG-tests-3] INFO  testCases.TC002_LoginTest - **Test Finished**
19:47:23.366 [TestNG-tests-2] INFO  testCases.TC002_LoginTest - **Test Started**
19:47:26.526 [TestNG-tests-2] INFO  testCases.TC002_LoginTest - **Test Finished**
19:49:11.955 [main] INFO  org.testng.internal.Utils - [TestNG] Running:
  C:\Users\Anil kumar N\eclipse-workspace\Opencart_V121\crossbrowsertesting.xml

19:49:23.147 [TestNG-tests-3] INFO  testCases.TC001_AccountRegistrationTest - ****** Starting TC001_AccountRegistrationTest *****
19:49:26.373 [TestNG-tests-3] INFO  testCases.TC001_AccountRegistrationTest - Clicked on My Account Link
19:49:27.011 [TestNG-tests-1] INFO  testCases.TC001_AccountRegistrationTest - ****** Starting TC001_AccountRegistrationTest *****
19:49:28.106 [TestNG-tests-3] INFO  testCases.TC001_AccountRegistrationTest - Clicked on My Register Link
19:49:28.111 [TestNG-tests-3] INFO  testCases.TC001_AccountRegistrationTest - Providing customer details..
19:49:28.116 [TestNG-tests-2] INFO  testCases.TC001_AccountRegistrationTest - ****** Starting TC001_AccountRegistrationTest *****
19:49:28.456 [TestNG-tests-1] INFO  testCases.TC001_AccountRegistrationTest - Clicked on My Account Link
19:49:38.676 [TestNG-tests-3] ERROR testCases.TC001_AccountRegistrationTest - Test failed..
